Code: 1; Notification: Данный email уже занят; URL: /api/client/registration; Body: {"email":"are@asd","password":"re"}; ID: 1; Date: 2023-01-15 12:47:41.7580+00:00;

Code: 1; Notification: Данный email уже занят; URL: /api/client/registration; Body: {"email":"are@asd","password":"re"}; ID: 1; Date: 2023-01-15 12:52:02.4320+00:00;

Code: 1; Notification: Данный email уже занят; URL: /api/client/registration; Body: {"email":"are@asd","password":"re"}; ID: 1; Date: 2023-01-15 12:53:09.5060+00:00;

Code: 1; Notification: Данный email уже занят; URL: /api/client/registration; Body: {"email":"are@asd","password":"re"}; ID: 1; Date: 2023-01-15 12:53:18.7710+00:00;

Code: 1; Notification: Данный email уже занят; URL: /api/client/registration; Body: {"email":"are@asd","password":"re"}; ID: 1; Date: 2023-01-15 12:53:49.3040+00:00;

Code: 1; Notification: Данный email уже занят; URL: /api/client/registration; Body: {"email":"are@asd","password":"re"}; ID: 1; Date: 2023-01-15 12:53:56.9610+00:00;

Code: 1; Notification: Данный email уже занят; URL: /api/client/registration; Body: {"email":"are@asd","password":"re"}; ID: 1; Date: 2023-01-15 12:56:02.8560+00:00;

Code: 1; Notification: Данный email уже занят; URL: /api/client/registration; Body: {"email":"are@asd","password":"re"}; ID: 1; Date: 2023-01-15 12:59:31.9910+00:00;

Code: 1; Notification: Данный email уже занят; URL: /api/client/registration; Body: {"email":"are@asd","password":"re"}; ID: 1; Date: 2023-01-15 13:00:50.4180+00:00;

Code: 1; Notification: Данный email уже занят; URL: /api/client/registration; Body: {"email":"are@asd","password":"re"}; ID: 1; Date: 2023-01-15 13:00:56.2220+00:00;

Code: 1; Notification: Данный email уже занят; URL: /api/client/registration; Body: {"email":"are@asd","password":"re"}; ID: 1; Date: 2023-01-15 13:01:08.8070+00:00;

Code: 1; Notification: Данный email уже занят; URL: /api/client/registration; Body: {"email":"are@asd","password":"re"}; ID: 1; Date: 2023-01-15 13:01:19.3430+00:00;

Code: 1; Notification: Данный email уже занят; URL: /api/client/registration; Body: {"email":"are@asd","password":"re"}; ID: 1; Date: 2023-01-15 13:03:36.6850+00:00;

Code: 1; Notification: Данный email уже занят; URL: /api/client/registration; Body: {"email":"are@asd","password":"re"}; ID: 1; Date: 2023-01-15 13:03:48.7900+00:00;

Code: 1; Notification: Данный email уже занят; URL: /api/client/registration; Body: {"email":"are@asd","password":"re"}; ID: 1; Date: 2023-01-15 13:03:58.7090+00:00;

Code: 1; Notification: Данный email уже занят; URL: /api/client/registration; Body: {"email":"are@asd","password":"re"}; ID: 1; Date: 2023-01-15 13:04:25.7550+00:00;

Code: 1; Notification: Данный email уже занят; URL: /api/client/registration; Body: {"email":"are@asd","password":"re"}; ID: 1; Date: 2023-01-15 13:04:38.2500+00:00;

Code: 1; Notification: Данный email уже занят; URL: /api/client/registration; Body: {"email":"are@asd","password":"re"}; ID: 1; Date: 2023-01-15 13:04:56.8450+00:00;

Code: 1; Notification: Данный email уже занят; URL: /api/client/registration; Body: {"email":"are@asd","password":"re"}; ID: 1; Date: 2023-01-15 13:05:04.5480+00:00;

Code: 1; Notification: Данный email уже занят; URL: /api/client/registration; Body: {"email":"are@asd","password":"re"}; ID: 1; Date: 2023-01-15 13:05:36.6110+00:00;

Code: 1; Notification: Данный email уже занят; URL: /api/client/registration; Body: {"email":"are@asd","password":"re"}; ID: 1; Date: 2023-01-15 13:11:43.2940+00:00;

Code: 1; Notification: Данный email уже занят; URL: /api/client/registration; Body: {"email":"are@asd","password":"re"}; ID: 1; Date: 2023-01-15 13:14:31.7940+00:00;

Code: 1; Notification: Данный email уже занят; URL: /api/client/registration; Body: {"email":"are@asd","password":"re"}; ID: 1; Date: 2023-01-15 13:17:46.1430+00:00;

Code: 1; Notification: Данный email уже занят; URL: /api/client/registration; Body: {"email":"are@asd","password":"re"}; ID: 1; Date: 2023-01-15 13:18:06.6920+00:00;

Code: 1; Notification: Данный email уже занят; URL: /api/client/registration; Body: {"email":"are@asd","password":"re"}; ID: 1; Date: 2023-01-15 13:18:19.8880+00:00;

Code: 1; Notification: Данный email уже занят; URL: /api/client/registration; Body: {"email":"are@asd","password":"re"}; ID: 1; Date: 2023-01-15 13:18:31.0730+00:00;

Code: 1; Notification: Данный email уже занят; URL: /api/client/registration; Body: {"email":"are@asd","password":"re"}; ID: 1; Date: 2023-01-15 13:18:47.0250+00:00;

Code: 1; Notification: Данный email уже занят; URL: /api/client/registration; Body: {"email":"are@asd","password":"re"}; ID: 1; Date: 2023-01-15 13:18:58.8970+00:00;

Code: 1; Notification: Данный email уже занят; URL: /api/client/registration; Body: {"email":"are@asd","password":"re"}; ID: 1; Date: 2023-01-15 13:19:35.5350+00:00;

Code: 1; Notification: Данный email уже занят; URL: /api/client/registration; Body: {"email":"are@asd","password":"re"}; ID: 1; Date: 2023-01-15 13:20:59.0080+00:00;

Code: 1; Notification: Данный email уже занят; URL: /api/client/registration; Body: {"email":"are@asd","password":"re"}; ID: 1; Date: 2023-01-15 13:21:07.2260+00:00;

Code: 1; Notification: Данный email уже занят; URL: /api/client/registration; Body: {"email":"are@asd","password":"re"}; ID: 1; Date: 2023-01-15 13:21:10.7010+00:00;

Code: 1; Notification: Данный email уже занят; URL: /api/client/registration; Body: {"email":"are@asd","password":"re"}; ID: 1; Date: 2023-01-15 14:07:01.6800+00:00;

Code: 1; Notification: Данный email уже занят; URL: /api/client/registration; Body: {"email":"are@asd","password":"re"}; ID: 1; Date: 2023-01-15 14:44:23.5660+00:00;

Code: 1; Notification: Данный email уже занят; URL: /api/client/registration; Body: {"email":"are@asd","password":"re"}; ID: 1; Date: 2023-01-15 14:46:25.8500+00:00;

Code: 1; Notification: Данный email уже занят; URL: /api/client/registration; Body: {"email":"are@asd","password":"re"}; ID: 1; Date: 2023-01-15 14:54:23.4140+00:00;

Code: 1; Notification: Данный email уже занят; URL: /api/client/registration; Body: {"email":"are@asd","password":"re"}; ID: 1; Date: 2023-01-15 14:54:29.2860+00:00;

Code: 1; Notification: Данный email уже занят; URL: /api/client/registration; Body: {"email":"are@asd","password":"re"}; ID: 1; Date: 2023-01-15 14:56:20.6330+00:00;

Code: 1; Notification: Данный email уже занят; URL: /api/client/registration; Body: {"email":"are@asd","password":"re"}; ID: 1; Date: 2023-01-16 09:13:18.8760+00:00;

Code: 1; Notification: Данный email уже занят; URL: /api/client/registration; Body: {"email":"are@asd","password":"re"}; ID: 1; Date: 2023-01-16 09:14:43.4180+00:00;

Code: 1; Notification: Данный email уже занят; URL: /api/client/registration; Body: {"email":"are@asd","password":"re"}; ID: 1; Date: 2023-01-16 09:14:58.9720+00:00;

Code: 1; Notification: Данный email уже занят; URL: /api/client/registration; Body: {"email":"are@asd","password":"re"}; ID: 1; Date: 2023-01-16 09:15:11.5760+00:00;

Code: 2; Notification: Пользователя с такими данными на существует; URL: /api/client/authentication; Body: {"email":"123@123","password":"123"}; ID: 2; Date: 2023-01-17 07:43:52.8860+00:00;

Code: 2; Notification: Пользователя с такими данными на существует; URL: /api/client/authentication; Body: {"email":"123@123","password":"123"}; ID: 2; Date: 2023-01-17 07:44:33.4590+00:00;

Code: 1; Notification: Данный email уже занят; URL: /api/client/registration; Body: {"email":"123@123","password":"123"}; ID: 2; Date: 2023-01-17 08:07:11.2650+00:00;

Code: 2; Notification: Пользователя с такими данными на существует; URL: /api/client/authentication; Body: {"email":"123@12312","password":"123"}; ID: 2; Date: 2023-01-17 08:07:17.5080+00:00;

Code: 1; Notification: Данный email уже занят; URL: /api/client/registration; Body: {"email":"123@123","password":"123"}; ID: 4; Date: 2023-01-17 08:14:25.3190+00:00;

Code: 3; Notification: Необходимо залогиниться; URL: /api/client/changeProfile; Body: {"name":"aaa","email":"123@123","password":"123"}; ID: 2; Date: 2023-01-17 09:06:20.0790+00:00;

Code: 2; Notification: Пользователя с такими данными на существует; URL: /api/client/authentication; Body: {"email":"123@123","password":"123"}; ID: 2; Date: 2023-01-17 09:08:48.3560+00:00;

Code: 1; Notification: Данный email уже занят; URL: /api/client/registration; Body: {"email":"123@123","password":"123"}; ID: 2; Date: 2023-01-17 09:09:05.1370+00:00;

Code: 3; Notification: Необходимо залогиниться; URL: /api/client/changeProfile; Body: {"name":"123","email":"123@123","password":"123"}; ID: 3; Date: 2023-01-17 09:10:23.6250+00:00;

Code: 1; Notification: Данный email уже занят; URL: /api/client/registration; Body: {"email":"123@123","password":"123"}; ID: 4; Date: 2023-01-17 09:12:12.7740+00:00;

Code: 1; Notification: Данный email уже занят; URL: /api/client/registration; Body: {"email":"123@123","password":"123"}; ID: 2; Date: 2023-01-17 09:14:00.4390+00:00;

Code: 3; Notification: Необходимо залогиниться; URL: /api/client/changeProfile; Body: {"name":"Илья Григорьевский","email":"123@123","password":"123"}; ID: 3; Date: 2023-01-17 09:15:19.6400+00:00;

Code: 1; Notification: Данный email уже занят; URL: /api/client/registration; Body: {"email":"123@123","password":"123"}; ID: 1; Date: 2023-01-17 09:23:34.2470+00:00;

Code: 3; Notification: Необходимо залогиниться; URL: /api/client/changeProfile; Body: {"name":"Илья Григорьевский","email":"123@123","password":"123"}; ID: 2; Date: 2023-01-17 09:24:26.8320+00:00;

Code: 3; Notification: Необходимо залогиниться; URL: /api/client/changeProfile; Body: {"name":"123@123","email":"123@123","password":"123"}; ID: 1; Date: 2023-01-17 09:25:06.9940+00:00;

Code: 3; Notification: Необходимо залогиниться; URL: /api/client/changeProfile; Body: {"name":"asdasd","email":"123@123","password":"123"}; ID: 1; Date: 2023-01-17 09:31:15.2720+00:00;

Code: 1; Notification: Данный email уже занят; URL: /api/client/registration; Body: {"email":"123@123","password":"123"}; ID: 5; Date: 2023-01-17 12:24:20.0140+00:00;

Code: 2; Notification: Пользователя с такими данными на существует; URL: /api/client/authentication; Body: {"email":"123@123","password":"123"}; ID: 1; Date: 2023-01-17 15:52:56.3850+00:00;

Code: 3; Notification: Необходимо залогиниться; URL: /api/client/changeProfile; Body: {"name":"1","email":"123@123","password":"123","languages":[]}; ID: 1; Date: 2023-01-18 11:58:55.8660+00:00;

